This is pdfTeX, Version 3.1415926-1.40.10 (TeX Live 2009/Debian) (format=pdflatex 2010.6.30)  17 JUL 2010 03:39
entering extended mode
 restricted \write18 enabled.
 %&-line parsing enabled.
**zencoding-trie.latex
(./zencoding-trie.latex
LaTeX2e <2009/09/24>
Babel <v3.8l> and hyphenation patterns for english, usenglishmax, dumylang, noh
yphenation, pinyin, loaded.
(/usr/share/texmf-texlive/tex/latex/base/article.cls
Document Class: article 2007/10/19 v1.4h Standard LaTeX document class
(/usr/share/texmf-texlive/tex/latex/base/size10.clo
File: size10.clo 2007/10/19 v1.4h Standard LaTeX file (size option)
)
\c@part=\count79
\c@section=\count80
\c@subsection=\count81
\c@subsubsection=\count82
\c@paragraph=\count83
\c@subparagraph=\count84
\c@figure=\count85
\c@table=\count86
\abovecaptionskip=\skip41
\belowcaptionskip=\skip42
\bibindent=\dimen102
)
(/usr/share/texmf/tex/plain/misc/noweb.sty
\nwmarginglue=\dimen103
\codehsize=\dimen104
\codemargin=\dimen105
\nwdefspace=\dimen106
\equivbox=\box26
LaTeX Font Info:    External font `cmex10' loaded for size
(Font)              <7> on input line 79.
LaTeX Font Info:    External font `cmex10' loaded for size
(Font)              <5> on input line 79.
\plusequivbox=\box27
\nwcodetopsep=\skip43
\nwcodepenalty=\count87
\nwbreakcodespace=\dimen107
\@original@textwidth=\dimen108
\nwcodecommentsep=\skip44
\@nwlopage=\count88
\@nwhipage=\count89
\@nwlosub=\count90
\@nwhisub=\count91
\@nwpagetemp=\count92
\@nwpagecount=\count93
\sub@page=\count94
\@nwalph@n=\count95
\nw@chunkcount=\count96
\@commacount=\count97
\nwix@counter=\count98
)
No file zencoding-trie.aux.
\openout1 = `zencoding-trie.aux'.

LaTeX Font Info:    Checking defaults for OML/cmm/m/it on input line 1.
LaTeX Font Info:    ... okay on input line 1.
LaTeX Font Info:    Checking defaults for T1/cmr/m/n on input line 1.
LaTeX Font Info:    ... okay on input line 1.
LaTeX Font Info:    Checking defaults for OT1/cmr/m/n on input line 1.
LaTeX Font Info:    ... okay on input line 1.
LaTeX Font Info:    Checking defaults for OMS/cmsy/m/n on input line 1.
LaTeX Font Info:    ... okay on input line 1.
LaTeX Font Info:    Checking defaults for OMX/cmex/m/n on input line 1.
LaTeX Font Info:    ... okay on input line 1.
LaTeX Font Info:    Checking defaults for U/cmr/m/n on input line 1.
LaTeX Font Info:    ... okay on input line 1.
[1{/home/zigler/.texmf-var/fonts/map/pdftex/updmap/pdftex.map}

] [2] [3]
[4] (./zencoding-trie.aux) ) 
Here is how much of TeX's memory you used:
 478 strings out of 495046
 5695 string characters out of 1181937
 58524 words of memory out of 3000000
 3738 multiletter control sequences out of 15000+50000
 4154 words of font info for 16 fonts, out of 3000000 for 9000
 28 hyphenation exceptions out of 8191
 25i,5n,17p,467b,295s stack positions out of 5000i,500n,10000p,200000b,50000s
</usr/share/texmf-texlive/fonts/type1/public/amsfon
ts/cm/cmmi10.pfb></usr/share/texmf-texlive/fonts/type1/public/amsfonts/cm/cmmi7
.pfb></usr/share/texmf-texlive/fonts/type1/public/amsfonts/cm/cmr10.pfb></usr/s
hare/texmf-texlive/fonts/type1/public/amsfonts/cm/cmr7.pfb></usr/share/texmf-te
xlive/fonts/type1/public/amsfonts/cm/cmsy10.pfb></usr/share/texmf-texlive/fonts
/type1/public/amsfonts/cm/cmsy7.pfb></usr/share/texmf-texlive/fonts/type1/publi
c/amsfonts/cm/cmti10.pfb></usr/share/texmf-texlive/fonts/type1/public/amsfonts/
cm/cmtt10.pfb>
Output written on zencoding-trie.pdf (4 pages, 106094 bytes).
PDF statistics:
 47 PDF objects out of 1000 (max. 8388607)
 0 named destinations out of 1000 (max. 500000)
 1 words of extra memory for PDF output out of 10000 (max. 10000000)

